d:\code\work\bodycad\licenseerrordialog\x64\release\main.obj
d:\code\work\bodycad\licenseerrordialog\x64\release\modern_style_initialization.obj
d:\code\work\bodycad\licenseerrordialog\x64\release\vc140.pdb
d:\code\work\bodycad\x64\release\bodycadbuildsystemtools.dll
d:\code\work\bodycad\x64\release\bodycadbuildsystemtools.pdb
d:\code\work\bodycad\x64\release\licenseerrordlg.lib
d:\code\work\bodycad\x64\release\licenseerrordlg.exp
d:\code\work\bodycad\x64\release\licenseerrordlg.dll
d:\code\work\bodycad\x64\release\licenseerrordlg.pdb
d:\code\work\bodycad\licenseerrordialog\x64\release\resources.res
d:\code\work\bodycad\licenseerrordialog\x64\release\licenseerrordlg.vcxprojresolveassemblyreference.cache
d:\code\work\bodycad\\x64\release\licenseerrordlg.pdb
d:\code\work\bodycad\\x64\release\licenseerrordlg.dll
d:\code\work\bodycad\licenseerrordialog\x64\release\licenseerrordlg.tlog\cl.command.1.tlog
d:\code\work\bodycad\licenseerrordialog\x64\release\licenseerrordlg.tlog\cl.read.1.tlog
d:\code\work\bodycad\licenseerrordialog\x64\release\licenseerrordlg.tlog\cl.write.1.tlog
d:\code\work\bodycad\licenseerrordialog\x64\release\licenseerrordlg.tlog\licenseerrordlg.write.1u.tlog
d:\code\work\bodycad\licenseerrordialog\x64\release\licenseerrordlg.tlog\link.command.1.tlog
d:\code\work\bodycad\licenseerrordialog\x64\release\licenseerrordlg.tlog\link.read.1.tlog
d:\code\work\bodycad\licenseerrordialog\x64\release\licenseerrordlg.tlog\link.write.1.tlog
d:\code\work\bodycad\licenseerrordialog\x64\release\licenseerrordlg.tlog\rc.command.1.tlog
d:\code\work\bodycad\licenseerrordialog\x64\release\licenseerrordlg.tlog\rc.read.1.tlog
d:\code\work\bodycad\licenseerrordialog\x64\release\licenseerrordlg.tlog\rc.write.1.tlog
